<?xml version="1.0" encoding="UTF-8"?>
<!-- Generated by org.testng.reporters.JUnitReportReporter -->
<testsuite skipped="0" hostname="DELL" name="script.TestDemo" tests="2" failures="0" timestamp="27 Sep 2018 10:22:46 GMT" time="93.909" errors="0">
  <testcase name="testA" time="56.211" classname="script.TestDemo"/>
  <testcase name="testA" time="37.698" classname="script.TestDemo"/>
</testsuite> <!-- script.TestDemo -->
