<?xml version="1.0" encoding="UTF-8"?>
<!-- Generated by org.testng.reporters.JUnitReportReporter -->
<testsuite skipped="0" hostname="DELL" name="script.TestDemoA" tests="2" failures="0" timestamp="27 Sep 2018 05:57:56 GMT" time="31.753" errors="0">
  <testcase name="testA" time="18.765" classname="script.TestDemoA"/>
  <testcase name="testB" time="12.988" classname="script.TestDemoA"/>
</testsuite> <!-- script.TestDemoA -->
